16:22:17.225210 IP 172.29.0.10.36274 > 193.226.51.15.80: Flags [F.], seq 2888069552, ack 684979072, win 502, options [nop,nop,TS val 3567703696 ecr 1836700489], length 0
16:22:17.225302 IP 172.29.0.11.36274 > 193.226.51.15.80: Flags [F.], seq 2888069552, ack 684979072, win 502, options [nop,nop,TS val 3567703696 ecr 1836700489], length 0
16:22:17.225859 IP 193.226.51.15.80 > 172.29.0.11.36274: Flags [.], ack 1, win 4093, options [nop,nop,TS val 1836707977 ecr 3567696209], length 0
16:22:17.225870 IP 193.226.51.15.80 > 172.29.0.10.36274: Flags [.], ack 1, win 4093, options [nop,nop,TS val 1836707977 ecr 3567696209], length 0
16:22:18.650702 IP 172.29.0.10.41694 > 193.226.51.15.80: Flags [S], seq 2640579712, win 64240, options [mss 1460,sackOK,TS val 3567705122 ecr 0,nop,wscale 7], length 0
16:22:18.650726 IP 172.29.0.11.41694 > 193.226.51.15.80: Flags [S], seq 2640579712, win 64240, options [mss 1460,sackOK,TS val 3567705122 ecr 0,nop,wscale 7], length 0
16:22:18.748152 IP 193.226.51.15.80 > 172.29.0.11.41694: Flags [S.], seq 2118094627, ack 2640579713, win 29184, options [mss 1460,nop,nop,TS val 1836709499 ecr 3567705122,nop,wscale 7], length 0
16:22:18.748158 IP 193.226.51.15.80 > 172.29.0.10.41694: Flags [S.], seq 2118094627, ack 2640579713, win 29184, options [mss 1460,nop,nop,TS val 1836709499 ecr 3567705122,nop,wscale 7], length 0
16:22:18.748196 IP 172.29.0.10.41694 > 193.226.51.15.80: Flags [.], ack 1, win 502, options [nop,nop,TS val 3567705219 ecr 1836709499], length 0
16:22:18.748200 IP 172.29.0.11.41694 > 193.226.51.15.80: Flags [.], ack 1, win 502, options [nop,nop,TS val 3567705219 ecr 1836709499], length 0
16:22:18.748330 IP 172.29.0.10.41694 > 193.226.51.15.80: Flags [P.], seq 1:145, ack 1, win 502, options [nop,nop,TS val 3567705220 ecr 1836709499], length 144: HTTP: GET / HTTP/1.1
16:22:18.748338 IP 172.29.0.11.41694 > 193.226.51.15.80: Flags [P.], seq 1:145, ack 1, win 502, options [nop,nop,TS val 3567705220 ecr 1836709499], length 144: HTTP: GET / HTTP/1.1
16:22:18.748457 IP 193.226.51.15.80 > 172.29.0.11.41694: Flags [.], ack 145, win 226, options [nop,nop,TS val 1836709499 ecr 3567705220], length 0
16:22:18.748458 IP 193.226.51.15.80 > 172.29.0.10.41694: Flags [.], ack 145, win 226, options [nop,nop,TS val 1836709499 ecr 3567705220], length 0
16:22:18.758053 IP 193.226.51.15.80 > 172.29.0.11.41694: Flags [.], seq 1:1449, ack 145, win 4096, options [nop,nop,TS val 1836709509 ecr 3567705220], length 1448: HTTP: HTTP/1.1 200 OK
16:22:18.758057 IP 193.226.51.15.80 > 172.29.0.10.41694: Flags [.], seq 1:1449, ack 145, win 4096, options [nop,nop,TS val 1836709509 ecr 3567705220], length 1448: HTTP: HTTP/1.1 200 OK
16:22:18.758058 IP 193.226.51.15.80 > 172.29.0.11.41694: Flags [P.], seq 1449:2737, ack 145, win 4096, options [nop,nop,TS val 1836709509 ecr 3567705220], length 1288: HTTP
16:22:18.758059 IP 193.226.51.15.80 > 172.29.0.10.41694: Flags [P.], seq 1449:2737, ack 145, win 4096, options [nop,nop,TS val 1836709509 ecr 3567705220], length 1288: HTTP
16:22:18.758088 IP 172.29.0.10.41694 > 193.226.51.15.80: Flags [.], ack 1449, win 513, options [nop,nop,TS val 3567705229 ecr 1836709509], length 0
16:22:18.758092 IP 172.29.0.11.41694 > 193.226.51.15.80: Flags [.], ack 1449, win 513, options [nop,nop,TS val 3567705229 ecr 1836709509], length 0
16:22:18.758093 IP 172.29.0.10.41694 > 193.226.51.15.80: Flags [.], ack 2737, win 507, options [nop,nop,TS val 3567705229 ecr 1836709509], length 0
16:22:18.758094 IP 172.29.0.11.41694 > 193.226.51.15.80: Flags [.], ack 2737, win 507, options [nop,nop,TS val 3567705229 ecr 1836709509], length 0
16:22:18.762194 IP 193.226.51.15.80 > 172.29.0.11.41694: Flags [.], seq 2737:4185, ack 145, win 4096, options [nop,nop,TS val 1836709513 ecr 3567705229], length 1448: HTTP
16:22:18.762200 IP 193.226.51.15.80 > 172.29.0.10.41694: Flags [.], seq 2737:4185, ack 145, win 4096, options [nop,nop,TS val 1836709513 ecr 3567705229], length 1448: HTTP
16:22:18.762201 IP 193.226.51.15.80 > 172.29.0.11.41694: Flags [.], seq 4185:5633, ack 145, win 4096, options [nop,nop,TS val 1836709513 ecr 3567705229], length 1448: HTTP
16:22:18.762203 IP 193.226.51.15.80 > 172.29.0.10.41694: Flags [.], seq 4185:5633, ack 145, win 4096, options [nop,nop,TS val 1836709513 ecr 3567705229], length 1448: HTTP
16:22:18.762203 IP 193.226.51.15.80 > 172.29.0.11.41694: Flags [P.], seq 5633:6216, ack 145, win 4096, options [nop,nop,TS val 1836709513 ecr 3567705229], length 583: HTTP
16:22:18.762205 IP 193.226.51.15.80 > 172.29.0.10.41694: Flags [P.], seq 5633:6216, ack 145, win 4096, options [nop,nop,TS val 1836709513 ecr 3567705229], length 583: HTTP
16:22:18.762256 IP 172.29.0.10.41694 > 193.226.51.15.80: Flags [.], ack 4185, win 513, options [nop,nop,TS val 3567705233 ecr 1836709513], length 0
16:22:18.762260 IP 172.29.0.11.41694 > 193.226.51.15.80: Flags [.], ack 4185, win 513, options [nop,nop,TS val 3567705233 ecr 1836709513], length 0
16:22:18.762261 IP 172.29.0.10.41694 > 193.226.51.15.80: Flags [.], ack 5633, win 507, options [nop,nop,TS val 3567705233 ecr 1836709513], length 0
16:22:18.762263 IP 172.29.0.11.41694 > 193.226.51.15.80: Flags [.], ack 5633, win 507, options [nop,nop,TS val 3567705233 ecr 1836709513], length 0
16:22:18.762264 IP 172.29.0.10.41694 > 193.226.51.15.80: Flags [.], ack 6216, win 503, options [nop,nop,TS val 3567705233 ecr 1836709513], length 0
16:22:18.762265 IP 172.29.0.11.41694 > 193.226.51.15.80: Flags [.], ack 6216, win 503, options [nop,nop,TS val 3567705233 ecr 1836709513], length 0
16:22:18.762339 IP 172.29.0.10.41694 > 193.226.51.15.80: Flags [F.], seq 145, ack 6216, win 513, options [nop,nop,TS val 3567705234 ecr 1836709513], length 0
16:22:18.762345 IP 172.29.0.11.41694 > 193.226.51.15.80: Flags [F.], seq 145, ack 6216, win 513, options [nop,nop,TS val 3567705234 ecr 1836709513], length 0
16:22:18.762487 IP 193.226.51.15.80 > 172.29.0.11.41694: Flags [.], ack 146, win 4095, options [nop,nop,TS val 1836709513 ecr 3567705233], length 0
16:22:18.762490 IP 193.226.51.15.80 > 172.29.0.10.41694: Flags [.], ack 146, win 4095, options [nop,nop,TS val 1836709513 ecr 3567705233], length 0
16:22:18.797927 IP 193.226.51.15.80 > 172.29.0.11.41694: Flags [F.], seq 6216, ack 146, win 4096, options [nop,nop,TS val 1836709547 ecr 3567705234], length 0
16:22:18.798137 IP 193.226.51.15.80 > 172.29.0.10.41694: Flags [F.], seq 6216, ack 146, win 4096, options [nop,nop,TS val 1836709547 ecr 3567705234], length 0
16:22:18.798215 IP 172.29.0.10.41694 > 193.226.51.15.80: Flags [.], ack 6217, win 513, options [nop,nop,TS val 3567705269 ecr 1836709547], length 0
16:22:18.798247 IP 172.29.0.11.41694 > 193.226.51.15.80: Flags [.], ack 6217, win 513, options [nop,nop,TS val 3567705269 ecr 1836709547], length 0
16:22:20.870045 IP 193.226.51.15.80 > 172.29.0.11.36274: Flags [.], seq 1:1449, ack 1, win 4096, options [nop,nop,TS val 1836711621 ecr 3567703696], length 1448: HTTP: HTTP/1.1 200 OK
16:22:20.870055 IP 193.226.51.15.80 > 172.29.0.10.36274: Flags [.], seq 1:1449, ack 1, win 4096, options [nop,nop,TS val 1836711621 ecr 3567703696], length 1448: HTTP: HTTP/1.1 200 OK
16:22:20.870057 IP 193.226.51.15.80 > 172.29.0.11.36274: Flags [.], seq 1449:2897, ack 1, win 4096, options [nop,nop,TS val 1836711621 ecr 3567703696], length 1448: HTTP
16:22:20.870059 IP 193.226.51.15.80 > 172.29.0.10.36274: Flags [.], seq 1449:2897, ack 1, win 4096, options [nop,nop,TS val 1836711621 ecr 3567703696], length 1448: HTTP
16:22:20.870060 IP 193.226.51.15.80 > 172.29.0.11.36274: Flags [.], seq 2897:4345, ack 1, win 4096, options [nop,nop,TS val 1836711621 ecr 3567703696], length 1448: HTTP
16:22:20.870062 IP 193.226.51.15.80 > 172.29.0.10.36274: Flags [.], seq 2897:4345, ack 1, win 4096, options [nop,nop,TS val 1836711621 ecr 3567703696], length 1448: HTTP
16:22:20.870063 IP 193.226.51.15.80 > 172.29.0.11.36274: Flags [.], seq 4345:5793, ack 1, win 4096, options [nop,nop,TS val 1836711621 ecr 3567703696], length 1448: HTTP
16:22:20.870064 IP 193.226.51.15.80 > 172.29.0.10.36274: Flags [.], seq 4345:5793, ack 1, win 4096, options [nop,nop,TS val 1836711621 ecr 3567703696], length 1448: HTTP
16:22:20.870065 IP 193.226.51.15.80 > 172.29